<?xml version="1.0" encoding="UTF-8"?>
<testng-results skipped="0" failed="0" ignored="0" total="1" passed="1">
  <reporter-output>
  </reporter-output>
  <suite name="Default suite" duration-ms="1592" started-at="2018-12-24T07:34:28Z" finished-at="2018-12-24T07:34:30Z">
    <groups>
    </groups>
    <test name="Default test" duration-ms="1592" started-at="2018-12-24T07:34:28Z" finished-at="2018-12-24T07:34:30Z">
      <class name="NewtworKTrafficReaderPackage.brokenlinkscheck">
        <test-method status="PASS" signature="isLinkBroken()[pri:0, instance:NewtworKTrafficReaderPackage.brokenlinkscheck@74ad1f1f]" name="isLinkBroken" duration-ms="1488" started-at="2018-12-24T07:34:28Z" finished-at="2018-12-24T07:34:30Z">
          <reporter-output>
          </reporter-output>
        </test-method> <!-- isLinkBroken -->
      </class> <!-- NewtworKTrafficReaderPackage.brokenlinkscheck -->
    </test> <!-- Default test -->
  </suite> <!-- Default suite -->
</testng-results>
