<?xml version="1.0" encoding="UTF-8"?>
<testng-results ignored="0" total="1" passed="1" failed="0" skipped="0">
  <reporter-output>
  </reporter-output>
  <suite started-at="2018-12-12T04:53:52Z" name="Default suite" finished-at="2018-12-12T04:54:17Z" duration-ms="25038">
    <groups>
    </groups>
    <test started-at="2018-12-12T04:53:52Z" name="Default test" finished-at="2018-12-12T04:54:17Z" duration-ms="25038">
      <class name="Utility.HTMLWriter">
        <test-method signature="writeHTML()[pri:0, instance:Utility.HTMLWriter@72cc7e6f]" started-at="2018-12-12T04:53:52Z" name="writeHTML" finished-at="2018-12-12T04:54:14Z" duration-ms="22819" status="PASS">
          <reporter-output>
          </reporter-output>
        </test-method> <!-- writeHTML -->
      </class> <!-- Utility.HTMLWriter -->
    </test> <!-- Default test -->
  </suite> <!-- Default suite -->
</testng-results>
